#
# There is insufficient memory for the Java Runtime Environment to continue.
# Native memory allocation (malloc) failed to allocate 65552 bytes. Error detail: Chunk::new
# Possible reasons:
#   The system is out of physical RAM or swap space
#   This process is running with CompressedOops enabled, and the Java Heap may be blocking the growth of the native heap
# Possible solutions:
#   Reduce memory load on the system
#   Increase physical memory or swap space
#   Check if swap backing store is full
#   Decrease Java heap size (-Xmx/-Xms)
#   Decrease number of Java threads
#   Decrease Java thread stack sizes (-Xss)
#   Set larger code cache with -XX:ReservedCodeCacheSize=
#   JVM is running with Unscaled Compressed Oops mode in which the Java heap is
#     placed in the first 4GB address space. The Java Heap base address is the
#     maximum limit for the native heap growth. Please use -XX:HeapBaseMinAddress
#     to set the Java Heap base and to place the Java Heap above 4GB virtual address.
# This output file may be truncated or incomplete.
#
#  Out of Memory Error (arena.cpp:168), pid=12792, tid=12484
#
# JRE version: OpenJDK Runtime Environment (21.0.3) (build 21.0.3+-12282718-b509.11)
# Java VM: OpenJDK 64-Bit Server VM (21.0.3+-12282718-b509.11, mixed mode, tiered, compressed oops, compressed class ptrs, g1 gc, windows-amd64)
# No core dump will be written. Minidumps are not enabled by default on client versions of Windows
#

---------------  S U M M A R Y ------------

Command Line: org.jetbrains.kotlin.cli.jvm.K2JVMCompiler @D:\Android apps\Novix\app\build\20250725_12447241755923853281.compiler.options

Host: Intel(R) Core(TM) i5-1035G1 CPU @ 1.00GHz, 8 cores, 7G,  Windows 10 , 64 bit Build 18362 (10.0.18362.1)
Time: Fri Jul 25 17:26:33 2025 Egypt Standard Time elapsed time: 7.857877 seconds (0d 0h 0m 7s)

---------------  T H R E A D  ---------------

Current thread (0x00000195f7484b60):  JavaThread "C2 CompilerThread1" daemon [_thread_in_native, id=12484, stack(0x00000036d7100000,0x00000036d7200000) (1024K)]


Current CompileTask:
C2:   7857 8990       4       org.jetbrains.kotlin.fir.java.scopes.JavaClassStaticUseSiteScope::processPropertiesByName (117 bytes)

Stack: [0x00000036d7100000,0x00000036d7200000]
Native frames: (J=compiled Java code, j=interpreted, Vv=VM code, C=native code)
V  [jvm.dll+0x6cafb9]
V  [jvm.dll+0x858523]
V  [jvm.dll+0x85aa7e]
V  [jvm.dll+0x85b163]
V  [jvm.dll+0x27d356]
V  [jvm.dll+0xbf93d]
V  [jvm.dll+0xbfe73]
V  [jvm.dll+0xbfa65]
V  [jvm.dll+0x6a864c]
V  [jvm.dll+0x2f904e]
V  [jvm.dll+0x2fa35c]
V  [jvm.dll+0x24820c]
V  [jvm.dll+0x245fce]
V  [jvm.dll+0x1c5804]
V  [jvm.dll+0x25575c]
V  [jvm.dll+0x253c36]
V  [jvm.dll+0x3ec996]
V  [jvm.dll+0x800d78]
V  [jvm.dll+0x6c98cd]
C  [ucrtbase.dll+0x1d912]
C  [KERNEL32.DLL+0x17944]
C  [ntdll.dll+0x6ce71]


---------------  P R O C E S S  ---------------

Threads class SMR info:
_java_thread_list=0x0000019592a35970, length=13, elements={
0x00000195ec9798a0, 0x00000195f7274080, 0x00000195f7275be0, 0x00000195f7280030,
0x00000195f728d990, 0x00000195f728ac20, 0x00000195f7296390, 0x00000195f72b9610,
0x00000195f72ba0b0, 0x00000195f7451f30, 0x00000195f7457fa0, 0x00000195f7484b60,
0x00000195fdd3b140
}

Java Threads: ( => current thread )
  0x00000195ec9798a0 JavaThread "main"                              [_thread_in_Java, id=10412, stack(0x00000036d5f00000,0x00000036d6000000) (1024K)]
  0x00000195f7274080 JavaThread "Reference Handler"          daemon [_thread_blocked, id=5180, stack(0x00000036d6700000,0x00000036d6800000) (1024K)]
  0x00000195f7275be0 JavaThread "Finalizer"                  daemon [_thread_blocked, id=1992, stack(0x00000036d6800000,0x00000036d6900000) (1024K)]
  0x00000195f7280030 JavaThread "Signal Dispatcher"          daemon [_thread_blocked, id=6308, stack(0x00000036d6900000,0x00000036d6a00000) (1024K)]
  0x00000195f728d990 JavaThread "Attach Listener"            daemon [_thread_blocked, id=9488, stack(0x00000036d6a00000,0x00000036d6b00000) (1024K)]
  0x00000195f728ac20 JavaThread "Service Thread"             daemon [_thread_blocked, id=13108, stack(0x00000036d6b00000,0x00000036d6c00000) (1024K)]
  0x00000195f7296390 JavaThread "Monitor Deflation Thread"   daemon [_thread_blocked, id=2620, stack(0x00000036d6c00000,0x00000036d6d00000) (1024K)]
  0x00000195f72b9610 JavaThread "C2 CompilerThread0"         daemon [_thread_in_native, id=9584, stack(0x00000036d6d00000,0x00000036d6e00000) (1024K)]
  0x00000195f72ba0b0 JavaThread "C1 CompilerThread0"         daemon [_thread_in_native, id=7648, stack(0x00000036d6e00000,0x00000036d6f00000) (1024K)]
  0x00000195f7451f30 JavaThread "Notification Thread"        daemon [_thread_blocked, id=9296, stack(0x00000036d6f00000,0x00000036d7000000) (1024K)]
  0x00000195f7457fa0 JavaThread "Common-Cleaner"             daemon [_thread_blocked, id=1920, stack(0x00000036d7000000,0x00000036d7100000) (1024K)]
=>0x00000195f7484b60 JavaThread "C2 CompilerThread1"         daemon [_thread_in_native, id=12484, stack(0x00000036d7100000,0x00000036d7200000) (1024K)]
  0x00000195fdd3b140 JavaThread "C2 CompilerThread2"         daemon [_thread_in_native, id=9360, stack(0x00000036d7200000,0x00000036d7300000) (1024K)]
Total: 13

Other Threads:
  0x00000195f70b3c10 VMThread "VM Thread"                           [id=9700, stack(0x00000036d6600000,0x00000036d6700000) (1024K)]
  0x00000195f704f8f0 WatcherThread "VM Periodic Task Thread"        [id=11468, stack(0x00000036d6500000,0x00000036d6600000) (1024K)]
  0x00000195eeb09d50 WorkerThread "GC Thread#0"                     [id=9460, stack(0x00000036d6000000,0x00000036d6100000) (1024K)]
  0x00000195f7d02ea0 WorkerThread "GC Thread#1"                     [id=12280, stack(0x00000036d7300000,0x00000036d7400000) (1024K)]
  0x00000195f7d36660 WorkerThread "GC Thread#2"                     [id=5608, stack(0x00000036d7400000,0x00000036d7500000) (1024K)]
  0x00000195f7d3d2c0 WorkerThread "GC Thread#3"                     [id=7564, stack(0x00000036d7500000,0x00000036d7600000) (1024K)]
  0x00000195f7d4c670 WorkerThread "GC Thread#4"                     [id=2640, stack(0x00000036d7600000,0x00000036d7700000) (1024K)]
  0x00000195f7d4ca10 WorkerThread "GC Thread#5"                     [id=4644, stack(0x00000036d7700000,0x00000036d7800000) (1024K)]
  0x00000195f7dc70c0 WorkerThread "GC Thread#6"                     [id=9192, stack(0x00000036d7800000,0x00000036d7900000) (1024K)]
  0x00000195f7dc6240 WorkerThread "GC Thread#7"                     [id=12260, stack(0x00000036d7900000,0x00000036d7a00000) (1024K)]
  0x00000195eeb1a860 ConcurrentGCThread "G1 Main Marker"            [id=1924, stack(0x00000036d6100000,0x00000036d6200000) (1024K)]
  0x00000195eeb1b360 WorkerThread "G1 Conc#0"                       [id=8612, stack(0x00000036d6200000,0x00000036d6300000) (1024K)]
  0x00000195f7dc7460 WorkerThread "G1 Conc#1"                       [id=4536, stack(0x00000036d7a00000,0x00000036d7b00000) (1024K)]
  0x00000195f6f254f0 ConcurrentGCThread "G1 Refine#0"               [id=10212, stack(0x00000036d6300000,0x00000036d6400000) (1024K)]
  0x00000195f6f25f70 ConcurrentGCThread "G1 Service"                [id=11228, stack(0x00000036d6400000,0x00000036d6500000) (1024K)]
Total: 15

Threads with active compile tasks:
C2 CompilerThread0     7876 8960       4       org.jetbrains.kotlin.fir.backend.Fir2IrTypeConverter::toIrType (1744 bytes)
C1 CompilerThread0     7877 9048       3       org.jetbrains.kotlin.fir.scopes.impl.FirFakeOverrideGenerator::buildCopyForValueParameter (378 bytes)
C2 CompilerThread1     7877 8990       4       org.jetbrains.kotlin.fir.java.scopes.JavaClassStaticUseSiteScope::processPropertiesByName (117 bytes)
C2 CompilerThread2     7877 8989       4       org.jetbrains.kotlin.fir.java.scopes.JavaClassStaticEnhancementScope::processPropertiesByName (29 bytes)
Total: 4

VM state: not at safepoint (normal execution)

VM Mutex/Monitor currently owned by a thread: None

Heap address: 0x0000000083200000, size: 1998 MB, Compressed Oops mode: 32-bit

CDS archive(s) not mapped
Compressed class space mapped at: 0x0000000100000000-0x0000000140000000, reserved size: 1073741824
Narrow klass base: 0x0000000000000000, Narrow klass shift: 3, Narrow klass range: 0x140000000

GC Precious Log:
 CardTable entry size: 512
 Card Set container configuration: InlinePtr #cards 5 size 8 Array Of Cards #cards 12 size 40 Howl #buckets 4 coarsen threshold 1843 Howl Bitmap #cards 512 size 80 coarsen threshold 460 Card regions per heap region 1 cards per card region 2048
 CPUs: 8 total, 8 available
 Memory: 7987M
 Large Page Support: Disabled
 NUMA Support: Disabled
 Compressed Oops: Enabled (32-bit)
 Heap Region Size: 1M
 Heap Min Capacity: 8M
 Heap Initial Capacity: 126M
 Heap Max Capacity: 1998M
 Pre-touch: Disabled
 Parallel Workers: 8
 Concurrent Workers: 2
 Concurrent Refinement Workers: 8
 Periodic GC: Disabled

Heap:
 garbage-first heap   total 132096K, used 84477K [0x0000000083200000, 0x0000000100000000)
  region size 1024K, 23 young (23552K), 8 survivors (8192K)
 Metaspace       used 73109K, committed 73472K, reserved 1179648K
  class space    used 8051K, committed 8256K, reserved 1048576K

Heap Regions: E=young(eden), S=young(survivor), O=old, HS=humongous(starts), HC=humongous(continues), CS=collection set, F=free, TAMS=top-at-mark-start, PB=parsable bottom
|   0|0x0000000083200000, 0x0000000083300000, 0x0000000083300000|100%|HS|  |TAMS 0x0000000083200000| PB 0x0000000083200000| Complete 
|   1|0x0000000083300000, 0x0000000083400000, 0x0000000083400000|100%|HC|  |TAMS 0x0000000083300000| PB 0x0000000083300000| Complete 
|   2|0x0000000083400000, 0x0000000083500000, 0x0000000083500000|100%|HC|  |TAMS 0x0000000083400000| PB 0x0000000083400000| Complete 
|   3|0x0000000083500000, 0x0000000083600000, 0x0000000083600000|100%|HC|  |TAMS 0x0000000083500000| PB 0x0000000083500000| Complete 
|   4|0x0000000083600000, 0x0000000083700000, 0x0000000083700000|100%| O|  |TAMS 0x0000000083600000| PB 0x0000000083600000| Untracked 
|   5|0x0000000083700000, 0x0000000083800000, 0x0000000083800000|100%| O|  |TAMS 0x0000000083700000| PB 0x0000000083700000| Untracked 
|   6|0x0000000083800000, 0x00000000838e1c00, 0x0000000083900000| 88%| O|  |TAMS 0x0000000083800000| PB 0x0000000083800000| Untracked 
|   7|0x0000000083900000, 0x0000000083a00000, 0x0000000083a00000|100%| O|  |TAMS 0x0000000083900000| PB 0x0000000083900000| Untracked 
|   8|0x0000000083a00000, 0x0000000083b00000, 0x0000000083b00000|100%| O|  |TAMS 0x0000000083a00000| PB 0x0000000083a00000| Untracked 
|   9|0x0000000083b00000, 0x0000000083c00000, 0x0000000083c00000|100%| O|  |TAMS 0x0000000083b00000| PB 0x0000000083b00000| Untracked 
|  10|0x0000000083c00000, 0x0000000083d00000, 0x0000000083d00000|100%| O|  |TAMS 0x0000000083c00000| PB 0x0000000083c00000| Untracked 
|  11|0x0000000083d00000, 0x0000000083e00000, 0x0000000083e00000|100%| O|  |TAMS 0x0000000083d00000| PB 0x0000000083d00000| Untracked 
|  12|0x0000000083e00000, 0x0000000083f00000, 0x0000000083f00000|100%| O|  |TAMS 0x0000000083e00000| PB 0x0000000083e00000| Untracked 
|  13|0x0000000083f00000, 0x0000000084000000, 0x0000000084000000|100%| O|  |TAMS 0x0000000083f00000| PB 0x0000000083f00000| Untracked 
|  14|0x0000000084000000, 0x0000000084100000, 0x0000000084100000|100%| O|  |TAMS 0x0000000084000000| PB 0x0000000084000000| Untracked 
|  15|0x0000000084100000, 0x0000000084200000, 0x0000000084200000|100%| O|  |TAMS 0x0000000084100000| PB 0x0000000084100000| Untracked 
|  16|0x0000000084200000, 0x0000000084300000, 0x0000000084300000|100%| O|  |TAMS 0x0000000084200000| PB 0x0000000084200000| Untracked 
|  17|0x0000000084300000, 0x0000000084400000, 0x0000000084400000|100%| O|  |TAMS 0x0000000084300000| PB 0x0000000084300000| Untracked 
|  18|0x0000000084400000, 0x0000000084500000, 0x0000000084500000|100%| O|  |TAMS 0x0000000084400000| PB 0x0000000084400000| Untracked 
|  19|0x0000000084500000, 0x0000000084600000, 0x0000000084600000|100%| O|  |TAMS 0x0000000084500000| PB 0x0000000084500000| Untracked 
|  20|0x0000000084600000, 0x0000000084700000, 0x0000000084700000|100%| O|  |TAMS 0x0000000084600000| PB 0x0000000084600000| Untracked 
|  21|0x0000000084700000, 0x0000000084800000, 0x0000000084800000|100%| O|  |TAMS 0x0000000084700000| PB 0x0000000084700000| Untracked 
|  22|0x0000000084800000, 0x0000000084900000, 0x0000000084900000|100%| O|  |TAMS 0x0000000084800000| PB 0x0000000084800000| Untracked 
|  23|0x0000000084900000, 0x0000000084a00000, 0x0000000084a00000|100%| O|  |TAMS 0x0000000084900000| PB 0x0000000084900000| Untracked 
|  24|0x0000000084a00000, 0x0000000084b00000, 0x0000000084b00000|100%| O|  |TAMS 0x0000000084a00000| PB 0x0000000084a00000| Untracked 
|  25|0x0000000084b00000, 0x0000000084c00000, 0x0000000084c00000|100%|HS|  |TAMS 0x0000000084b00000| PB 0x0000000084b00000| Complete 
|  26|0x0000000084c00000, 0x0000000084d00000, 0x0000000084d00000|100%| O|  |TAMS 0x0000000084c00000| PB 0x0000000084c00000| Untracked 
|  27|0x0000000084d00000, 0x0000000084e00000, 0x0000000084e00000|100%| O|  |TAMS 0x0000000084d00000| PB 0x0000000084d00000| Untracked 
|  28|0x0000000084e00000, 0x0000000084f00000, 0x0000000084f00000|100%| O|  |TAMS 0x0000000084e00000| PB 0x0000000084e00000| Untracked 
|  29|0x0000000084f00000, 0x0000000085000000, 0x0000000085000000|100%| O|  |TAMS 0x0000000084f00000| PB 0x0000000084f00000| Untracked 
|  30|0x0000000085000000, 0x0000000085100000, 0x0000000085100000|100%| O|  |TAMS 0x0000000085000000| PB 0x0000000085000000| Untracked 
|  31|0x0000000085100000, 0x0000000085200000, 0x0000000085200000|100%| O|  |TAMS 0x0000000085100000| PB 0x0000000085100000| Untracked 
|  32|0x0000000085200000, 0x0000000085300000, 0x0000000085300000|100%| O|  |TAMS 0x0000000085200000| PB 0x0000000085200000| Untracked 
|  33|0x0000000085300000, 0x0000000085400000, 0x0000000085400000|100%| O|  |TAMS 0x0000000085300000| PB 0x0000000085300000| Untracked 
|  34|0x0000000085400000, 0x0000000085500000, 0x0000000085500000|100%| O|  |TAMS 0x0000000085400000| PB 0x0000000085400000| Untracked 
|  35|0x0000000085500000, 0x0000000085600000, 0x0000000085600000|100%| O|  |TAMS 0x0000000085500000| PB 0x0000000085500000| Untracked 
|  36|0x0000000085600000, 0x0000000085700000, 0x0000000085700000|100%| O|  |TAMS 0x0000000085600000| PB 0x0000000085600000| Untracked 
|  37|0x0000000085700000, 0x0000000085800000, 0x0000000085800000|100%| O|  |TAMS 0x0000000085700000| PB 0x0000000085700000| Untracked 
|  38|0x0000000085800000, 0x0000000085900000, 0x0000000085900000|100%| O|  |TAMS 0x0000000085800000| PB 0x0000000085800000| Untracked 
|  39|0x0000000085900000, 0x0000000085a00000, 0x0000000085a00000|100%| O|  |TAMS 0x0000000085900000| PB 0x0000000085900000| Untracked 
|  40|0x0000000085a00000, 0x0000000085b00000, 0x0000000085b00000|100%| O|  |TAMS 0x0000000085a00000| PB 0x0000000085a00000| Untracked 
|  41|0x0000000085b00000, 0x0000000085c00000, 0x0000000085c00000|100%| O|  |TAMS 0x0000000085b00000| PB 0x0000000085b00000| Untracked 
|  42|0x0000000085c00000, 0x0000000085d00000, 0x0000000085d00000|100%| O|  |TAMS 0x0000000085c00000| PB 0x0000000085c00000| Untracked 
|  43|0x0000000085d00000, 0x0000000085e00000, 0x0000000085e00000|100%| O|  |TAMS 0x0000000085d00000| PB 0x0000000085d00000| Untracked 
|  44|0x0000000085e00000, 0x0000000085f00000, 0x0000000085f00000|100%| O|  |TAMS 0x0000000085e00000| PB 0x0000000085e00000| Untracked 
|  45|0x0000000085f00000, 0x0000000086000000, 0x0000000086000000|100%| O|  |TAMS 0x0000000085f00000| PB 0x0000000085f00000| Untracked 
|  46|0x0000000086000000, 0x0000000086100000, 0x0000000086100000|100%| O|  |TAMS 0x0000000086000000| PB 0x0000000086000000| Untracked 
|  47|0x0000000086100000, 0x0000000086200000, 0x0000000086200000|100%| O|  |TAMS 0x0000000086100000| PB 0x0000000086100000| Untracked 
|  48|0x0000000086200000, 0x0000000086300000, 0x0000000086300000|100%| O|  |TAMS 0x0000000086200000| PB 0x0000000086200000| Untracked 
|  49|0x0000000086300000, 0x0000000086400000, 0x0000000086400000|100%| O|  |TAMS 0x0000000086300000| PB 0x0000000086300000| Untracked 
|  50|0x0000000086400000, 0x0000000086500000, 0x0000000086500000|100%| O|  |TAMS 0x0000000086400000| PB 0x0000000086400000| Untracked 
|  51|0x0000000086500000, 0x0000000086600000, 0x0000000086600000|100%| O|  |TAMS 0x0000000086500000| PB 0x0000000086500000| Untracked 
|  52|0x0000000086600000, 0x0000000086700000, 0x0000000086700000|100%| O|  |TAMS 0x0000000086600000| PB 0x0000000086600000| Untracked 
|  53|0x0000000086700000, 0x0000000086800000, 0x0000000086800000|100%| O|  |TAMS 0x0000000086700000| PB 0x0000000086700000| Untracked 
|  54|0x0000000086800000, 0x0000000086900000, 0x0000000086900000|100%| O|  |TAMS 0x0000000086800000| PB 0x0000000086800000| Untracked 
|  55|0x0000000086900000, 0x0000000086900000, 0x0000000086a00000|  0%| F|  |TAMS 0x0000000086900000| PB 0x0000000086900000| Untracked 
|  56|0x0000000086a00000, 0x0000000086a00000, 0x0000000086b00000|  0%| F|  |TAMS 0x0000000086a00000| PB 0x0000000086a00000| Untracked 
|  57|0x0000000086b00000, 0x0000000086b00000, 0x0000000086c00000|  0%| F|  |TAMS 0x0000000086b00000| PB 0x0000000086b00000| Untracked 
|  58|0x0000000086c00000, 0x0000000086c00000, 0x0000000086d00000|  0%| F|  |TAMS 0x0000000086c00000| PB 0x0000000086c00000| Untracked 
|  59|0x0000000086d00000, 0x0000000086d00000, 0x0000000086e00000|  0%| F|  |TAMS 0x0000000086d00000| PB 0x0000000086d00000| Untracked 
|  60|0x0000000086e00000, 0x0000000086e9da80, 0x0000000086f00000| 61%| O|  |TAMS 0x0000000086e00000| PB 0x0000000086e00000| Untracked 
|  61|0x0000000086f00000, 0x0000000087000000, 0x0000000087000000|100%| S|CS|TAMS 0x0000000086f00000| PB 0x0000000086f00000| Complete 
|  62|0x0000000087000000, 0x0000000087000000, 0x0000000087100000|  0%| F|  |TAMS 0x0000000087000000| PB 0x0000000087000000| Untracked 
|  63|0x0000000087100000, 0x0000000087200000, 0x0000000087200000|100%| S|CS|TAMS 0x0000000087100000| PB 0x0000000087100000| Complete 
|  64|0x0000000087200000, 0x0000000087300000, 0x0000000087300000|100%| S|CS|TAMS 0x0000000087200000| PB 0x0000000087200000| Complete 
|  65|0x0000000087300000, 0x0000000087400000, 0x0000000087400000|100%| S|CS|TAMS 0x0000000087300000| PB 0x0000000087300000| Complete 
|  66|0x0000000087400000, 0x0000000087500000, 0x0000000087500000|100%| S|CS|TAMS 0x0000000087400000| PB 0x0000000087400000| Complete 
|  67|0x0000000087500000, 0x0000000087600000, 0x0000000087600000|100%| S|CS|TAMS 0x0000000087500000| PB 0x0000000087500000| Complete 
|  68|0x0000000087600000, 0x0000000087700000, 0x0000000087700000|100%| S|CS|TAMS 0x0000000087600000| PB 0x0000000087600000| Complete 
|  69|0x0000000087700000, 0x0000000087800000, 0x0000000087800000|100%| S|CS|TAMS 0x0000000087700000| PB 0x0000000087700000| Complete 
|  70|0x0000000087800000, 0x0000000087800000, 0x0000000087900000|  0%| F|  |TAMS 0x0000000087800000| PB 0x0000000087800000| Untracked 
|  71|0x0000000087900000, 0x0000000087900000, 0x0000000087a00000|  0%| F|  |TAMS 0x0000000087900000| PB 0x0000000087900000| Untracked 
|  72|0x0000000087a00000, 0x0000000087a00000, 0x0000000087b00000|  0%| F|  |TAMS 0x0000000087a00000| PB 0x0000000087a00000| Untracked 
|  73|0x0000000087b00000, 0x0000000087b00000, 0x0000000087c00000|  0%| F|  |TAMS 0x0000000087b00000| PB 0x0000000087b00000| Untracked 
|  74|0x0000000087c00000, 0x0000000087c00000, 0x0000000087d00000|  0%| F|  |TAMS 0x0000000087c00000| PB 0x0000000087c00000| Untracked 
|  75|0x0000000087d00000, 0x0000000087d00000, 0x0000000087e00000|  0%| F|  |TAMS 0x0000000087d00000| PB 0x0000000087d00000| Untracked 
|  76|0x0000000087e00000, 0x0000000087e00000, 0x0000000087f00000|  0%| F|  |TAMS 0x0000000087e00000| PB 0x0000000087e00000| Untracked 
|  77|0x0000000087f00000, 0x0000000087f00000, 0x0000000088000000|  0%| F|  |TAMS 0x0000000087f00000| PB 0x0000000087f00000| Untracked 
|  78|0x0000000088000000, 0x0000000088000000, 0x0000000088100000|  0%| F|  |TAMS 0x0000000088000000| PB 0x0000000088000000| Untracked 
|  79|0x0000000088100000, 0x0000000088100000, 0x0000000088200000|  0%| F|  |TAMS 0x0000000088100000| PB 0x0000000088100000| Untracked 
|  80|0x0000000088200000, 0x0000000088200000, 0x0000000088300000|  0%| F|  |TAMS 0x0000000088200000| PB 0x0000000088200000| Untracked 
|  81|0x0000000088300000, 0x0000000088300000, 0x0000000088400000|  0%| F|  |TAMS 0x0000000088300000| PB 0x0000000088300000| Untracked 
|  82|0x0000000088400000, 0x0000000088400000, 0x0000000088500000|  0%| F|  |TAMS 0x0000000088400000| PB 0x0000000088400000| Untracked 
|  83|0x0000000088500000, 0x0000000088500000, 0x0000000088600000|  0%| F|  |TAMS 0x0000000088500000| PB 0x0000000088500000| Untracked 
|  84|0x0000000088600000, 0x0000000088600000, 0x0000000088700000|  0%| F|  |TAMS 0x0000000088600000| PB 0x0000000088600000| Untracked 
|  85|0x0000000088700000, 0x0000000088700000, 0x0000000088800000|  0%| F|  |TAMS 0x0000000088700000| PB 0x0000000088700000| Untracked 
|  86|0x0000000088800000, 0x0000000088800000, 0x0000000088900000|  0%| F|  |TAMS 0x0000000088800000| PB 0x0000000088800000| Untracked 
|  87|0x0000000088900000, 0x0000000088900000, 0x0000000088a00000|  0%| F|  |TAMS 0x0000000088900000| PB 0x0000000088900000| Untracked 
|  88|0x0000000088a00000, 0x0000000088a00000, 0x0000000088b00000|  0%| F|  |TAMS 0x0000000088a00000| PB 0x0000000088a00000| Untracked 
|  89|0x0000000088b00000, 0x0000000088b00000, 0x0000000088c00000|  0%| F|  |TAMS 0x0000000088b00000| PB 0x0000000088b00000| Untracked 
|  90|0x0000000088c00000, 0x0000000088c00000, 0x0000000088d00000|  0%| F|  |TAMS 0x0000000088c00000| PB 0x0000000088c00000| Untracked 
|  91|0x0000000088d00000, 0x0000000088d00000, 0x0000000088e00000|  0%| F|  |TAMS 0x0000000088d00000| PB 0x0000000088d00000| Untracked 
|  92|0x0000000088e00000, 0x0000000088e00000, 0x0000000088f00000|  0%| F|  |TAMS 0x0000000088e00000| PB 0x0000000088e00000| Untracked 
|  93|0x0000000088f00000, 0x0000000088f00000, 0x0000000089000000|  0%| F|  |TAMS 0x0000000088f00000| PB 0x0000000088f00000| Untracked 
|  94|0x0000000089000000, 0x0000000089000000, 0x0000000089100000|  0%| F|  |TAMS 0x0000000089000000| PB 0x0000000089000000| Untracked 
|  95|0x0000000089100000, 0x0000000089100000, 0x0000000089200000|  0%| F|  |TAMS 0x0000000089100000| PB 0x0000000089100000| Untracked 
|  96|0x0000000089200000, 0x0000000089200000, 0x0000000089300000|  0%| F|  |TAMS 0x0000000089200000| PB 0x0000000089200000| Untracked 
|  97|0x0000000089300000, 0x0000000089300000, 0x0000000089400000|  0%| F|  |TAMS 0x0000000089300000| PB 0x0000000089300000| Untracked 
|  98|0x0000000089400000, 0x0000000089400000, 0x0000000089500000|  0%| F|  |TAMS 0x0000000089400000| PB 0x0000000089400000| Untracked 
|  99|0x0000000089500000, 0x0000000089500000, 0x0000000089600000|  0%| F|  |TAMS 0x0000000089500000| PB 0x0000000089500000| Untracked 
| 100|0x0000000089600000, 0x0000000089600000, 0x0000000089700000|  0%| F|  |TAMS 0x0000000089600000| PB 0x0000000089600000| Untracked 
| 101|0x0000000089700000, 0x0000000089700000, 0x0000000089800000|  0%| F|  |TAMS 0x0000000089700000| PB 0x0000000089700000| Untracked 
| 102|0x0000000089800000, 0x0000000089800000, 0x0000000089900000|  0%| F|  |TAMS 0x0000000089800000| PB 0x0000000089800000| Untracked 
| 103|0x0000000089900000, 0x0000000089900000, 0x0000000089a00000|  0%| F|  |TAMS 0x0000000089900000| PB 0x0000000089900000| Untracked 
| 104|0x0000000089a00000, 0x0000000089a00000, 0x0000000089b00000|  0%| F|  |TAMS 0x0000000089a00000| PB 0x0000000089a00000| Untracked 
| 105|0x0000000089b00000, 0x0000000089b00000, 0x0000000089c00000|  0%| F|  |TAMS 0x0000000089b00000| PB 0x0000000089b00000| Untracked 
| 106|0x0000000089c00000, 0x0000000089c00000, 0x0000000089d00000|  0%| F|  |TAMS 0x0000000089c00000| PB 0x0000000089c00000| Untracked 
| 107|0x0000000089d00000, 0x0000000089d00000, 0x0000000089e00000|  0%| F|  |TAMS 0x0000000089d00000| PB 0x0000000089d00000| Untracked 
| 108|0x0000000089e00000, 0x0000000089e00000, 0x0000000089f00000|  0%| F|  |TAMS 0x0000000089e00000| PB 0x0000000089e00000| Untracked 
| 109|0x0000000089f00000, 0x0000000089f80800, 0x000000008a000000| 50%| E|  |TAMS 0x0000000089f00000| PB 0x0000000089f00000| Complete 
| 110|0x000000008a000000, 0x000000008a100000, 0x000000008a100000|100%| E|CS|TAMS 0x000000008a000000| PB 0x000000008a000000| Complete 
| 111|0x000000008a100000, 0x000000008a200000, 0x000000008a200000|100%| E|CS|TAMS 0x000000008a100000| PB 0x000000008a100000| Complete 
| 112|0x000000008a200000, 0x000000008a300000, 0x000000008a300000|100%| E|CS|TAMS 0x000000008a200000| PB 0x000000008a200000| Complete 
| 113|0x000000008a300000, 0x000000008a400000, 0x000000008a400000|100%| E|CS|TAMS 0x000000008a300000| PB 0x000000008a300000| Complete 
| 114|0x000000008a400000, 0x000000008a500000, 0x000000008a500000|100%| E|CS|TAMS 0x000000008a400000| PB 0x000000008a400000| Complete 
| 115|0x000000008a500000, 0x000000008a600000, 0x000000008a600000|100%| E|CS|TAMS 0x000000008a500000| PB 0x000000008a500000| Complete 
| 116|0x000000008a600000, 0x000000008a700000, 0x000000008a700000|100%| E|CS|TAMS 0x000000008a600000| PB 0x000000008a600000| Complete 
| 117|0x000000008a700000, 0x000000008a800000, 0x000000008a800000|100%| E|CS|TAMS 0x000000008a700000| PB 0x000000008a700000| Complete 
| 118|0x000000008a800000, 0x000000008a900000, 0x000000008a900000|100%| E|CS|TAMS 0x000000008a800000| PB 0x000000008a800000| Complete 
| 119|0x000000008a900000, 0x000000008aa00000, 0x000000008aa00000|100%| E|CS|TAMS 0x000000008a900000| PB 0x000000008a900000| Complete 
| 120|0x000000008aa00000, 0x000000008ab00000, 0x000000008ab00000|100%| E|CS|TAMS 0x000000008aa00000| PB 0x000000008aa00000| Complete 
| 121|0x000000008ab00000, 0x000000008ac00000, 0x000000008ac00000|100%| E|CS|TAMS 0x000000008ab00000| PB 0x000000008ab00000| Complete 
| 125|0x000000008af00000, 0x000000008b000000, 0x000000008b000000|100%| E|CS|TAMS 0x000000008af00000| PB 0x000000008af00000| Complete 
|1992|0x00000000ffa00000, 0x00000000ffb00000, 0x00000000ffb00000|100%| E|CS|TAMS 0x00000000ffa00000| PB 0x00000000ffa00000| Complete 
|1993|0x00000000ffb00000, 0x00000000ffc00000, 0x00000000ffc00000|100%| O|  |TAMS 0x00000000ffb00000| PB 0x00000000ffb00000| Untracked 
|1994|0x00000000ffc00000, 0x00000000ffd00000, 0x00000000ffd00000|100%| O|  |TAMS 0x00000000ffc00000| PB 0x00000000ffc00000| Untracked 
|1995|0x00000000ffd00000, 0x00000000ffe00000, 0x00000000ffe00000|100%| O|  |TAMS 0x00000000ffd00000| PB 0x00000000ffd00000| Untracked 
|1996|0x00000000ffe00000, 0x00000000fff00000, 0x00000000fff00000|100%| O|  |TAMS 0x00000000ffe00000| PB 0x00000000ffe00000| Untracked 
|1997|0x00000000fff00000, 0x0000000100000000, 0x0000000100000000|100%| O|  |TAMS 0x00000000fff00000| PB 0x00000000fff00000| Untracked 

Card table byte_map: [0x00000195f2320000,0x00000195f2710000] _byte_map_base: 0x00000195f1f07000

Marking Bits: (CMBitMap*) 0x00000195eeb0a450
 Bits: [0x00000195f2710000, 0x00000195f4648000)

Polling page: 0x00000195eca60000

Metaspace:

Usage:
  Non-class:     63.53 MB used.
      Class:      7.86 MB used.
       Both:     71.40 MB used.

Virtual space:
  Non-class space:      128.00 MB reserved,      63.69 MB ( 50%) committed,  2 nodes.
      Class space:        1.00 GB reserved,       8.06 MB ( <1%) committed,  1 nodes.
             Both:        1.13 GB reserved,      71.75 MB (  6%) committed. 

Chunk freelists:
   Non-Class:  15.64 MB
       Class:  7.98 MB
        Both:  23.63 MB

MaxMetaspaceSize: unlimited
CompressedClassSpaceSize: 1.00 GB
Initial GC threshold: 21.00 MB
Current GC threshold: 101.81 MB
CDS: off
 - commit_granule_bytes: 65536.
 - commit_granule_words: 8192.
 - virtual_space_node_default_size: 8388608.
 - enlarge_chunks_in_place: 1.
 - use_allocation_guard: 0.


Internal statistics:

num_allocs_failed_limit: 3.
num_arena_births: 346.
num_arena_deaths: 0.
num_vsnodes_births: 3.
num_vsnodes_deaths: 0.
num_space_committed: 1147.
num_space_uncommitted: 0.
num_chunks_returned_to_freelist: 3.
num_chunks_taken_from_freelist: 2629.
num_chunk_merges: 3.
num_chunk_splits: 2167.
num_chunks_enlarged: 1962.
num_inconsistent_stats: 0.

CodeHeap 'non-profiled nmethods': size=120000Kb used=5771Kb max_used=5771Kb free=114228Kb
 bounds [0x0000019587ad0000, 0x0000019588080000, 0x000001958f000000]
CodeHeap 'profiled nmethods': size=120000Kb used=28555Kb max_used=28555Kb free=91444Kb
 bounds [0x0000019580000000, 0x0000019581bf0000, 0x0000019587530000]
CodeHeap 'non-nmethods': size=5760Kb used=1981Kb max_used=2041Kb free=3778Kb
 bounds [0x0000019587530000, 0x00000195877a0000, 0x0000019587ad0000]
 total_blobs=9285 nmethods=8503 adapters=685
 compilation: enabled
              stopped_count=0, restarted_count=0
 full_count=0

Compilation events (20 events):
Event: 7.841 Thread 0x00000195f72ba0b0 nmethod 9025 0x0000019581bbe610 code [0x0000019581bbe7e0, 0x0000019581bbebc8]
Event: 7.841 Thread 0x00000195f72ba0b0 9026       3       org.jetbrains.kotlin.ir.symbols.impl.IrClassSymbolImpl::<init> (10 bytes)
Event: 7.842 Thread 0x00000195f72ba0b0 nmethod 9026 0x0000019581bbed10 code [0x0000019581bbeee0, 0x0000019581bbf1e0]
Event: 7.842 Thread 0x00000195f72ba0b0 9027       3       org.jetbrains.kotlin.fir.declarations.impl.FirDeclarationStatusImpl::isOperator (8 bytes)
Event: 7.842 Thread 0x00000195f72ba0b0 nmethod 9027 0x0000019581bbf310 code [0x0000019581bbf4c0, 0x0000019581bbf718]
Event: 7.850 Thread 0x00000195f72ba0b0 9028       3       org.jetbrains.kotlin.fir.FirElementWithResolveState::getResolveState (17 bytes)
Event: 7.851 Thread 0x00000195f72ba0b0 nmethod 9028 0x0000019581bbf890 code [0x0000019581bbfb20, 0x0000019581bc04d8]
Event: 7.851 Thread 0x00000195f72ba0b0 9030       3       org.jetbrains.kotlin.fir.backend.generators.CallAndReferenceGenerator::convertArguments (172 bytes)
Event: 7.852 Thread 0x00000195f72ba0b0 nmethod 9030 0x0000019581bc0890 code [0x0000019581bc0ba0, 0x0000019581bc1f78]
Event: 7.852 Thread 0x00000195f72ba0b0 9029       3       kotlin.collections.MapsKt__MapsKt::toMap (26 bytes)
Event: 7.853 Thread 0x00000195f72ba0b0 nmethod 9029 0x0000019581bc2690 code [0x0000019581bc2920, 0x0000019581bc3318]
Event: 7.853 Thread 0x00000195f72ba0b0 9032       3       org.jetbrains.kotlin.fir.scopes.FirScopeKt::getDeclaredConstructors (39 bytes)
Event: 7.855 Thread 0x00000195f72ba0b0 nmethod 9032 0x0000019581bc3710 code [0x0000019581bc3980, 0x0000019581bc42b0]
Event: 7.855 Thread 0x00000195f72ba0b0 9033       3       org.jetbrains.kotlin.fir.scopes.FirScopeKt$getDeclaredConstructors$1$1::<init> (15 bytes)
Event: 7.855 Thread 0x00000195f72ba0b0 nmethod 9033 0x0000019581bc4690 code [0x0000019581bc4840, 0x0000019581bc49a8]
Event: 7.855 Thread 0x00000195f72ba0b0 9034       3       org.jetbrains.kotlin.fir.scopes.FirScopeKt$getDeclaredConstructors$1$1::invoke (12 bytes)
Event: 7.856 Thread 0x00000195f72ba0b0 nmethod 9034 0x0000019581bc4a90 code [0x0000019581bc4ce0, 0x0000019581bc55a0]
Event: 7.856 Thread 0x00000195f72ba0b0 9035       3       org.jetbrains.kotlin.fir.scopes.FirScopeKt$getDeclaredConstructors$1$1::invoke (21 bytes)
Event: 7.856 Thread 0x00000195f72ba0b0 nmethod 9035 0x0000019581bc5890 code [0x0000019581bc5ac0, 0x0000019581bc6230]
Event: 7.856 Thread 0x00000195f72ba0b0 9031       3       org.jetbrains.kotlin.name.CallableId::<init> (28 bytes)

GC Heap History (20 events):
Event: 2.258 GC heap before
{Heap before GC invocations=10 (full 0):
 garbage-first heap   total 65536K, used 54636K [0x0000000083200000, 0x0000000100000000)
  region size 1024K, 31 young (31744K), 3 survivors (3072K)
 Metaspace       used 48284K, committed 48576K, reserved 1114112K
  class space    used 5567K, committed 5696K, reserved 1048576K
}
Event: 2.268 GC heap after
{Heap after GC invocations=11 (full 0):
 garbage-first heap   total 65536K, used 30110K [0x0000000083200000, 0x0000000100000000)
  region size 1024K, 4 young (4096K), 4 survivors (4096K)
 Metaspace       used 48284K, committed 48576K, reserved 1114112K
  class space    used 5567K, committed 5696K, reserved 1048576K
}
Event: 2.351 GC heap before
{Heap before GC invocations=11 (full 0):
 garbage-first heap   total 65536K, used 56734K [0x0000000083200000, 0x0000000100000000)
  region size 1024K, 29 young (29696K), 4 survivors (4096K)
 Metaspace       used 48475K, committed 48768K, reserved 1114112K
  class space    used 5577K, committed 5696K, reserved 1048576K
}
Event: 2.363 GC heap after
{Heap after GC invocations=12 (full 0):
 garbage-first heap   total 70656K, used 40839K [0x0000000083200000, 0x0000000100000000)
  region size 1024K, 4 young (4096K), 4 survivors (4096K)
 Metaspace       used 48475K, committed 48768K, reserved 1114112K
  class space    used 5577K, committed 5696K, reserved 1048576K
}
Event: 2.608 GC heap before
{Heap before GC invocations=12 (full 0):
 garbage-first heap   total 70656K, used 58247K [0x0000000083200000, 0x0000000100000000)
  region size 1024K, 22 young (22528K), 4 survivors (4096K)
 Metaspace       used 51535K, committed 51776K, reserved 1114112K
  class space    used 5896K, committed 6016K, reserved 1048576K
}
Event: 2.614 GC heap after
{Heap after GC invocations=13 (full 0):
 garbage-first heap   total 109568K, used 44423K [0x0000000083200000, 0x0000000100000000)
  region size 1024K, 3 young (3072K), 3 survivors (3072K)
 Metaspace       used 51535K, committed 51776K, reserved 1114112K
  class space    used 5896K, committed 6016K, reserved 1048576K
}
Event: 3.487 GC heap before
{Heap before GC invocations=14 (full 0):
 garbage-first heap   total 109568K, used 84359K [0x0000000083200000, 0x0000000100000000)
  region size 1024K, 42 young (43008K), 3 survivors (3072K)
 Metaspace       used 54373K, committed 54720K, reserved 1114112K
  class space    used 6163K, committed 6336K, reserved 1048576K
}
Event: 3.496 GC heap after
{Heap after GC invocations=15 (full 0):
 garbage-first heap   total 109568K, used 48907K [0x0000000083200000, 0x0000000100000000)
  region size 1024K, 6 young (6144K), 6 survivors (6144K)
 Metaspace       used 54373K, committed 54720K, reserved 1114112K
  class space    used 6163K, committed 6336K, reserved 1048576K
}
Event: 4.120 GC heap before
{Heap before GC invocations=15 (full 0):
 garbage-first heap   total 109568K, used 87819K [0x0000000083200000, 0x0000000100000000)
  region size 1024K, 44 young (45056K), 6 survivors (6144K)
 Metaspace       used 61391K, committed 61632K, reserved 1114112K
  class space    used 7060K, committed 7168K, reserved 1048576K
}
Event: 4.132 GC heap after
{Heap after GC invocations=16 (full 0):
 garbage-first heap   total 109568K, used 53008K [0x0000000083200000, 0x0000000100000000)
  region size 1024K, 5 young (5120K), 5 survivors (5120K)
 Metaspace       used 61391K, committed 61632K, reserved 1114112K
  class space    used 7060K, committed 7168K, reserved 1048576K
}
Event: 4.729 GC heap before
{Heap before GC invocations=16 (full 0):
 garbage-first heap   total 109568K, used 89872K [0x0000000083200000, 0x0000000100000000)
  region size 1024K, 41 young (41984K), 5 survivors (5120K)
 Metaspace       used 62108K, committed 62400K, reserved 1114112K
  class space    used 7109K, committed 7232K, reserved 1048576K
}
Event: 4.737 GC heap after
{Heap after GC invocations=17 (full 0):
 garbage-first heap   total 109568K, used 56034K [0x0000000083200000, 0x0000000100000000)
  region size 1024K, 3 young (3072K), 3 survivors (3072K)
 Metaspace       used 62108K, committed 62400K, reserved 1114112K
  class space    used 7109K, committed 7232K, reserved 1048576K
}
Event: 5.016 GC heap before
{Heap before GC invocations=17 (full 0):
 garbage-first heap   total 109568K, used 92898K [0x0000000083200000, 0x0000000100000000)
  region size 1024K, 39 young (39936K), 3 survivors (3072K)
 Metaspace       used 62236K, committed 62528K, reserved 1114112K
  class space    used 7109K, committed 7232K, reserved 1048576K
}
Event: 5.022 GC heap after
{Heap after GC invocations=18 (full 0):
 garbage-first heap   total 109568K, used 56631K [0x0000000083200000, 0x0000000100000000)
  region size 1024K, 1 young (1024K), 1 survivors (1024K)
 Metaspace       used 62236K, committed 62528K, reserved 1114112K
  class space    used 7109K, committed 7232K, reserved 1048576K
}
Event: 5.442 GC heap before
{Heap before GC invocations=19 (full 0):
 garbage-first heap   total 109568K, used 95543K [0x0000000083200000, 0x0000000100000000)
  region size 1024K, 39 young (39936K), 1 survivors (1024K)
 Metaspace       used 62450K, committed 62720K, reserved 1114112K
  class space    used 7124K, committed 7232K, reserved 1048576K
}
Event: 5.446 GC heap after
{Heap after GC invocations=20 (full 0):
 garbage-first heap   total 109568K, used 58908K [0x0000000083200000, 0x0000000100000000)
  region size 1024K, 3 young (3072K), 3 survivors (3072K)
 Metaspace       used 62450K, committed 62720K, reserved 1114112K
  class space    used 7124K, committed 7232K, reserved 1048576K
}
Event: 6.144 GC heap before
{Heap before GC invocations=20 (full 0):
 garbage-first heap   total 109568K, used 97820K [0x0000000083200000, 0x0000000100000000)
  region size 1024K, 41 young (41984K), 3 survivors (3072K)
 Metaspace       used 66034K, committed 66368K, reserved 1114112K
  class space    used 7439K, committed 7552K, reserved 1048576K
}
Event: 6.151 GC heap after
{Heap after GC invocations=21 (full 0):
 garbage-first heap   total 132096K, used 61470K [0x0000000083200000, 0x0000000100000000)
  region size 1024K, 6 young (6144K), 6 survivors (6144K)
 Metaspace       used 66034K, committed 66368K, reserved 1114112K
  class space    used 7439K, committed 7552K, reserved 1048576K
}
Event: 7.201 GC heap before
{Heap before GC invocations=21 (full 0):
 garbage-first heap   total 132096K, used 116766K [0x0000000083200000, 0x0000000100000000)
  region size 1024K, 60 young (61440K), 6 survivors (6144K)
 Metaspace       used 71737K, committed 72064K, reserved 1114112K
  class space    used 7950K, committed 8128K, reserved 1048576K
}
Event: 7.224 GC heap after
{Heap after GC invocations=22 (full 0):
 garbage-first heap   total 132096K, used 70141K [0x0000000083200000, 0x0000000100000000)
  region size 1024K, 8 young (8192K), 8 survivors (8192K)
 Metaspace       used 71737K, committed 72064K, reserved 1114112K
  class space    used 7950K, committed 8128K, reserved 1048576K
}

Dll operation events (3 events):
Event: 0.004 Loaded shared library C:\Program Files\Android\Android Studio2\jbr\bin\java.dll
Event: 0.009 Loaded shared library C:\Program Files\Android\Android Studio2\jbr\bin\zip.dll
Event: 0.862 Loaded shared library C:\Program Files\Android\Android Studio2\jbr\bin\verify.dll

Deoptimization events (20 events):
Event: 6.755 Thread 0x00000195ec9798a0 Uncommon trap: trap_request=0xffffffde fr.pc=0x0000019587ba960c relative=0x000000000000024c
Event: 6.755 Thread 0x00000195ec9798a0 Uncommon trap: reason=class_check action=maybe_recompile pc=0x0000019587ba960c method=org.jetbrains.kotlin.protobuf.CodedOutputStream.refreshBuffer()V @ 28 c2
Event: 6.755 Thread 0x00000195ec9798a0 DEOPT PACKING pc=0x0000019587ba960c sp=0x00000036d5ffdc80
Event: 6.755 Thread 0x00000195ec9798a0 DEOPT UNPACKING pc=0x0000019587587da2 sp=0x00000036d5ffdc48 mode 2
Event: 6.896 Thread 0x00000195ec9798a0 Uncommon trap: trap_request=0xffffff45 fr.pc=0x0000019587aea790 relative=0x0000000000000070
Event: 6.896 Thread 0x00000195ec9798a0 Uncommon trap: reason=unstable_if action=reinterpret pc=0x0000019587aea790 method=java.lang.Character.valueOf(C)Ljava/lang/Character; @ 3 c2
Event: 6.896 Thread 0x00000195ec9798a0 DEOPT PACKING pc=0x0000019587aea790 sp=0x00000036d5ffb930
Event: 6.896 Thread 0x00000195ec9798a0 DEOPT UNPACKING pc=0x0000019587587da2 sp=0x00000036d5ffb8c8 mode 2
Event: 7.531 Thread 0x00000195ec9798a0 Uncommon trap: trap_request=0xffffff45 fr.pc=0x0000019587fdd3e4 relative=0x0000000000000884
Event: 7.532 Thread 0x00000195ec9798a0 Uncommon trap: reason=unstable_if action=reinterpret pc=0x0000019587fdd3e4 method=org.jetbrains.kotlin.fir.java.JavaTypeConversionKt.toFirResolvedTypeRef(Lorg/jetbrains/kotlin/load/java/structure/JavaType;Lorg/jetbrains/kotlin/fir/FirSession;Lorg/jetbrain
Event: 7.532 Thread 0x00000195ec9798a0 DEOPT PACKING pc=0x0000019587fdd3e4 sp=0x00000036d5ffb7d0
Event: 7.532 Thread 0x00000195ec9798a0 DEOPT UNPACKING pc=0x0000019587587da2 sp=0x00000036d5ffb658 mode 2
Event: 7.533 Thread 0x00000195ec9798a0 Uncommon trap: trap_request=0xffffff45 fr.pc=0x0000019587fdba50 relative=0x00000000000007f0
Event: 7.533 Thread 0x00000195ec9798a0 Uncommon trap: reason=unstable_if action=reinterpret pc=0x0000019587fdba50 method=org.jetbrains.kotlin.fir.java.JavaTypeConversionKt.toFirResolvedTypeRef(Lorg/jetbrains/kotlin/load/java/structure/JavaType;Lorg/jetbrains/kotlin/fir/FirSession;Lorg/jetbrain
Event: 7.533 Thread 0x00000195ec9798a0 DEOPT PACKING pc=0x0000019587fdba50 sp=0x00000036d5ffb720
Event: 7.533 Thread 0x00000195ec9798a0 DEOPT UNPACKING pc=0x0000019587587da2 sp=0x00000036d5ffb648 mode 2
Event: 7.834 Thread 0x00000195ec9798a0 Uncommon trap: trap_request=0xffffff45 fr.pc=0x000001958806aa88 relative=0x0000000000001468
Event: 7.834 Thread 0x00000195ec9798a0 Uncommon trap: reason=unstable_if action=reinterpret pc=0x000001958806aa88 method=org.jetbrains.kotlin.fir.java.JavaScopeProvider.buildJavaEnhancementScope(Lorg/jetbrains/kotlin/fir/FirSession;Lorg/jetbrains/kotlin/fir/symbols/impl/FirRegularClassSymbol;L
Event: 7.834 Thread 0x00000195ec9798a0 DEOPT PACKING pc=0x000001958806aa88 sp=0x00000036d5ffb9e0
Event: 7.834 Thread 0x00000195ec9798a0 DEOPT UNPACKING pc=0x0000019587587da2 sp=0x00000036d5ffb870 mode 2

Classes loaded (20 events):
Event: 6.667 Loading class java/util/ServiceLoader$2
Event: 6.667 Loading class java/util/ServiceLoader$2 done
Event: 6.667 Loading class java/util/ServiceLoader$3
Event: 6.667 Loading class java/util/ServiceLoader$3 done
Event: 6.667 Loading class java/util/Collections$EmptyEnumeration
Event: 6.667 Loading class java/util/Collections$EmptyEnumeration done
Event: 6.667 Loading class jdk/internal/loader/BuiltinClassLoader$1
Event: 6.667 Loading class jdk/internal/loader/BuiltinClassLoader$1 done
Event: 6.667 Loading class java/lang/CompoundEnumeration
Event: 6.667 Loading class java/lang/CompoundEnumeration done
Event: 6.667 Loading class jdk/internal/loader/URLClassPath$1
Event: 6.668 Loading class jdk/internal/loader/URLClassPath$1 done
Event: 6.669 Loading class java/util/ServiceLoader$1
Event: 6.669 Loading class java/util/ServiceLoader$1 done
Event: 6.669 Loading class java/util/ServiceLoader$ProviderImpl
Event: 6.669 Loading class java/util/ServiceLoader$Provider
Event: 6.669 Loading class java/util/ServiceLoader$Provider done
Event: 6.669 Loading class java/util/ServiceLoader$ProviderImpl done
Event: 6.878 Loading class java/lang/Byte$ByteCache
Event: 6.878 Loading class java/lang/Byte$ByteCache done

Classes unloaded (0 events):
No events

Classes redefined (0 events):
No events

Internal exceptions (20 events):
Event: 5.230 Thread 0x00000195ec9798a0 Exception <a 'java/lang/NoSuchMethodError'{0x0000000087ffb4d0}: 'java.lang.Object java.lang.invoke.DirectMethodHandle$Holder.invokeStatic(java.lang.Object, java.lang.Object, java.lang.Object, int, java.lang.Object, java.lang.Object)'> (0x0000000087ffb4d0) 
thrown [s\src\hotspot\share\interpreter\linkResolver.cpp, line 784]
Event: 5.231 Thread 0x00000195ec9798a0 Exception <a 'java/lang/NoSuchMethodError'{0x0000000087e03e20}: 'java.lang.Object java.lang.invoke.DirectMethodHandle$Holder.newInvokeSpecial(java.lang.Object, java.lang.Object, java.lang.Object, int)'> (0x0000000087e03e20) 
thrown [s\src\hotspot\share\interpreter\linkResolver.cpp, line 784]
Event: 5.231 Thread 0x00000195ec9798a0 Exception <a 'java/lang/NoSuchMethodError'{0x0000000087e08160}: 'java.lang.Object java.lang.invoke.DirectMethodHandle$Holder.invokeSpecial(java.lang.Object, java.lang.Object, java.lang.Object, java.lang.Object, int)'> (0x0000000087e08160) 
thrown [s\src\hotspot\share\interpreter\linkResolver.cpp, line 784]
Event: 5.231 Thread 0x00000195ec9798a0 Exception <a 'java/lang/NoSuchMethodError'{0x0000000087e0bdf8}: 'java.lang.Object java.lang.invoke.Invokers$Holder.linkToTargetMethod(java.lang.Object, java.lang.Object, int, java.lang.Object)'> (0x0000000087e0bdf8) 
thrown [s\src\hotspot\share\interpreter\linkResolver.cpp, line 784]
Event: 5.521 Thread 0x00000195ec9798a0 Exception <a 'java/lang/NoSuchMethodError'{0x0000000088f0b280}: 'java.lang.Object java.lang.invoke.DirectMethodHandle$Holder.newInvokeSpecial(java.lang.Object, java.lang.Object, java.lang.Object, java.lang.Object, java.lang.Object, java.lang.Object, java.lang.Object, java.lang.Object, java.lang.Object)'> (0x0000000088f0b280) 
thrown [s\src\hotspot\share\interpreter\linkResolver.cpp, line 784]
Event: 6.092 Thread 0x00000195ec9798a0 Implicit null exception at 0x0000019587f83cb5 to 0x0000019587f845b1
Event: 6.093 Thread 0x00000195ec9798a0 Implicit null exception at 0x0000019587f83cb5 to 0x0000019587f845b1
Event: 6.093 Thread 0x00000195ec9798a0 Implicit null exception at 0x0000019587f83cb5 to 0x0000019587f845b1
Event: 6.093 Thread 0x00000195ec9798a0 Implicit null exception at 0x0000019587f83cb5 to 0x0000019587f845b1
Event: 6.130 Thread 0x00000195ec9798a0 Implicit null exception at 0x0000019587f89bdf to 0x0000019587f8a1a9
Event: 6.130 Thread 0x00000195ec9798a0 Implicit null exception at 0x0000019587f89bdf to 0x0000019587f8a1a9
Event: 6.155 Thread 0x00000195ec9798a0 Exception <a 'java/lang/NoSuchMethodError'{0x00000000ffa3f1a8}: 'java.lang.Object java.lang.invoke.DirectMethodHandle$Holder.invokeSpecial(java.lang.Object, java.lang.Object, java.lang.Object, int, java.lang.Object, java.lang.Object, java.lang.Object)'> (0x00000000ffa3f1a8) 
thrown [s\src\hotspot\share\interpreter\linkResolver.cpp, line 784]
Event: 6.155 Thread 0x00000195ec9798a0 Exception <a 'java/lang/NoSuchMethodError'{0x00000000ffa42810}: 'java.lang.Object java.lang.invoke.Invokers$Holder.linkToTargetMethod(java.lang.Object, int, java.lang.Object, java.lang.Object, java.lang.Object, java.lang.Object)'> (0x00000000ffa42810) 
thrown [s\src\hotspot\share\interpreter\linkResolver.cpp, line 784]
Event: 6.714 Thread 0x00000195ec9798a0 Implicit null exception at 0x0000019587b0b0c0 to 0x0000019587b0b828
Event: 6.715 Thread 0x00000195ec9798a0 Implicit null exception at 0x0000019587b0c340 to 0x0000019587b0ca98
Event: 6.961 Thread 0x00000195ec9798a0 Exception <a 'java/lang/NoSuchMethodError'{0x0000000087be3d30}: 'java.lang.Object java.lang.invoke.DirectMethodHandle$Holder.newInvokeSpecial(java.lang.Object, java.lang.Object, java.lang.Object, java.lang.Object, java.lang.Object, java.lang.Object, java.lang.Object, java.lang.Object, int)'> (0x0000000087be3d30) 
thrown [s\src\hotspot\share\interpreter\linkResolver.cpp, line 784]
Event: 6.962 Thread 0x00000195ec9798a0 Exception <a 'java/lang/NoSuchMethodError'{0x0000000087be8a28}: 'java.lang.Object java.lang.invoke.DirectMethodHandle$Holder.invokeSpecial(java.lang.Object, java.lang.Object, java.lang.Object, java.lang.Object, java.lang.Object, java.lang.Object, java.lang.Object, java.lang.Object, java.lang.Object, int)'> (0x0000000087be8a28) 
thrown [s\src\hotspot\share\interpreter\linkResolver.cpp, line 784]
Event: 7.053 Thread 0x00000195ec9798a0 Exception <a 'java/lang/NoSuchMethodError'{0x0000000087993f70}: 'java.lang.Object java.lang.invoke.DirectMethodHandle$Holder.newInvokeSpecial(java.lang.Object, java.lang.Object, java.lang.Object, java.lang.Object, java.lang.Object, java.lang.Object, java.lang.Object, int)'> (0x0000000087993f70) 
thrown [s\src\hotspot\share\interpreter\linkResolver.cpp, line 784]
Event: 7.055 Thread 0x00000195ec9798a0 Exception <a 'java/lang/NoSuchMethodError'{0x00000000879985a0}: 'java.lang.Object java.lang.invoke.DirectMethodHandle$Holder.invokeSpecial(java.lang.Object, java.lang.Object, java.lang.Object, java.lang.Object, java.lang.Object, java.lang.Object, java.lang.Object, java.lang.Object, int)'> (0x00000000879985a0) 
thrown [s\src\hotspot\share\interpreter\linkResolver.cpp, line 784]
Event: 7.834 Thread 0x00000195ec9798a0 Implicit null exception at 0x0000019588069731 to 0x000001958806aa4c

ZGC Phase Switch (0 events):
No events

VM Operations (20 events):
Event: 6.703 Executing VM operation: HandshakeAllThreads (Deoptimize)
Event: 6.703 Executing VM operation: HandshakeAllThreads (Deoptimize) done
Event: 6.735 Executing VM operation: HandshakeAllThreads (Deoptimize)
Event: 6.735 Executing VM operation: HandshakeAllThreads (Deoptimize) done
Event: 6.737 Executing VM operation: HandshakeAllThreads (Deoptimize)
Event: 6.737 Executing VM operation: HandshakeAllThreads (Deoptimize) done
Event: 6.740 Executing VM operation: HandshakeAllThreads (Deoptimize)
Event: 6.740 Executing VM operation: HandshakeAllThreads (Deoptimize) done
Event: 6.741 Executing VM operation: HandshakeAllThreads (Deoptimize)
Event: 6.741 Executing VM operation: HandshakeAllThreads (Deoptimize) done
Event: 6.867 Executing VM operation: ICBufferFull
Event: 6.867 Executing VM operation: ICBufferFull done
Event: 6.990 Executing VM operation: HandshakeAllThreads (Deoptimize)
Event: 6.990 Executing VM operation: HandshakeAllThreads (Deoptimize) done
Event: 6.992 Executing VM operation: HandshakeAllThreads (Deoptimize)
Event: 6.993 Executing VM operation: HandshakeAllThreads (Deoptimize) done
Event: 7.201 Executing VM operation: G1CollectForAllocation (G1 Evacuation Pause)
Event: 7.226 Executing VM operation: G1CollectForAllocation (G1 Evacuation Pause) done
Event: 7.768 Executing VM operation: ICBufferFull
Event: 7.769 Executing VM operation: ICBufferFull done

Events (20 events):
Event: 5.065 Thread 0x00000195f70b3c10 flushing nmethod 0x0000019587c2b610
Event: 5.065 Thread 0x00000195f70b3c10 flushing nmethod 0x0000019587c22590
Event: 5.065 Thread 0x00000195f70b3c10 flushing nmethod 0x0000019587c0e410
Event: 5.065 Thread 0x00000195f70b3c10 flushing nmethod 0x0000019587bd7690
Event: 5.065 Thread 0x00000195f70b3c10 flushing nmethod 0x0000019587beb910
Event: 5.065 Thread 0x00000195f70b3c10 flushing nmethod 0x0000019587bca790
Event: 5.065 Thread 0x00000195f70b3c10 flushing nmethod 0x0000019587bbd490
Event: 5.065 Thread 0x00000195f70b3c10 flushing nmethod 0x0000019587bbbd90
Event: 5.065 Thread 0x00000195f70b3c10 flushing nmethod 0x0000019587b94910
Event: 5.065 Thread 0x00000195f70b3c10 flushing nmethod 0x0000019587bba890
Event: 5.065 Thread 0x00000195f70b3c10 flushing nmethod 0x0000019587bb1f10
Event: 5.065 Thread 0x00000195f70b3c10 flushing nmethod 0x0000019587b5ee10
Event: 5.065 Thread 0x00000195f70b3c10 flushing nmethod 0x0000019587b88310
Event: 5.065 Thread 0x00000195f70b3c10 flushing nmethod 0x0000019587b81090
Event: 5.065 Thread 0x00000195f70b3c10 flushing nmethod 0x0000019587b80690
Event: 5.065 Thread 0x00000195f70b3c10 flushing nmethod 0x0000019587b2e810
Event: 5.065 Thread 0x00000195f70b3c10 flushing nmethod 0x0000019587b2e190
Event: 5.065 Thread 0x00000195f70b3c10 flushing nmethod 0x0000019587b14910
Event: 6.851 Thread 0x00000195fcf258a0 Thread exited: 0x00000195fcf258a0
Event: 7.042 Thread 0x00000195fdd3b140 Thread added: 0x00000195fdd3b140


Dynamic libraries:
0x00007ff6475a0000 - 0x00007ff6475aa000 	C:\Program Files\Android\Android Studio2\jbr\bin\java.exe
0x00007ffd1bce0000 - 0x00007ffd1bed0000 	C:\Windows\SYSTEM32\ntdll.dll
0x00007ffd1a290000 - 0x00007ffd1a342000 	C:\Windows\System32\KERNEL32.DLL
0x00007ffd18d50000 - 0x00007ffd18ff2000 	C:\Windows\System32\KERNELBASE.dll
0x00007ffd19780000 - 0x00007ffd1987a000 	C:\Windows\System32\ucrtbase.dll
0x00007ffd04ae0000 - 0x00007ffd04afb000 	C:\Program Files\Android\Android Studio2\jbr\bin\VCRUNTIME140.dll
0x00007ffd04aa0000 - 0x00007ffd04ab8000 	C:\Program Files\Android\Android Studio2\jbr\bin\jli.dll
0x00007ffd1a4b0000 - 0x00007ffd1a643000 	C:\Windows\System32\USER32.dll
0x00007ffd19d70000 - 0x00007ffd19d91000 	C:\Windows\System32\win32u.dll
0x00007ffd1b590000 - 0x00007ffd1b5b6000 	C:\Windows\System32\GDI32.dll
0x00007ffd06790000 - 0x00007ffd06a15000 	C:\Windows\WinSxS\amd64_microsoft.windows.common-controls_6595b64144ccf1df_6.0.18362.30_none_a1435978519dce7f\COMCTL32.dll
0x00007ffd19880000 - 0x00007ffd19a14000 	C:\Windows\System32\gdi32full.dll
0x00007ffd19f50000 - 0x00007ffd19fee000 	C:\Windows\System32\msvcrt.dll
0x00007ffd19ad0000 - 0x00007ffd19b6e000 	C:\Windows\System32\msvcp_win.dll
0x00007ffd1b180000 - 0x00007ffd1b4b6000 	C:\Windows\System32\combase.dll
0x00007ffd1a360000 - 0x00007ffd1a480000 	C:\Windows\System32\RPCRT4.dll
0x00007ffd19b70000 - 0x00007ffd19bf1000 	C:\Windows\System32\bcryptPrimitives.dll
0x00007ffd1a480000 - 0x00007ffd1a4ae000 	C:\Windows\System32\IMM32.DLL
0x00007ffd09620000 - 0x00007ffd0962c000 	C:\Program Files\Android\Android Studio2\jbr\bin\vcruntime140_1.dll
0x00007ffcf0d70000 - 0x00007ffcf0dfd000 	C:\Program Files\Android\Android Studio2\jbr\bin\msvcp140.dll
0x00007ffcc15f0000 - 0x00007ffcc226d000 	C:\Program Files\Android\Android Studio2\jbr\bin\server\jvm.dll
0x00007ffd1a070000 - 0x00007ffd1a113000 	C:\Windows\System32\ADVAPI32.dll
0x00007ffd1ac40000 - 0x00007ffd1acd7000 	C:\Windows\System32\sechost.dll
0x00007ffd18c20000 - 0x00007ffd18c6a000 	C:\Windows\System32\POWRPROF.dll
0x00007ffd18bb0000 - 0x00007ffd18bc0000 	C:\Windows\System32\UMPDC.dll
0x00007ffd1a650000 - 0x00007ffd1a6bf000 	C:\Windows\System32\WS2_32.dll
0x00007ffd11db0000 - 0x00007ffd11dba000 	C:\Windows\SYSTEM32\VERSION.dll
0x00007ffd16480000 - 0x00007ffd164a4000 	C:\Windows\SYSTEM32\WINMM.dll
0x00007ffd16370000 - 0x00007ffd1639d000 	C:\Windows\SYSTEM32\winmmbase.dll
0x00007ffd19a20000 - 0x00007ffd19a6a000 	C:\Windows\System32\cfgmgr32.dll
0x00007ffd18bc0000 - 0x00007ffd18bd1000 	C:\Windows\System32\kernel.appcore.dll
0x00007ffd07b90000 - 0x00007ffd07b9a000 	C:\Program Files\Android\Android Studio2\jbr\bin\jimage.dll
0x00007ffd173a0000 - 0x00007ffd17594000 	C:\Windows\SYSTEM32\DBGHELP.DLL
0x00007ffd06690000 - 0x00007ffd066ba000 	C:\Windows\SYSTEM32\dbgcore.DLL
0x00007ffcfb830000 - 0x00007ffcfb84f000 	C:\Program Files\Android\Android Studio2\jbr\bin\java.dll
0x00007ffcf9e20000 - 0x00007ffcf9e38000 	C:\Program Files\Android\Android Studio2\jbr\bin\zip.dll
0x00007ffd1b5c0000 - 0x00007ffd1bca0000 	C:\Windows\System32\SHELL32.dll
0x00007ffd1a720000 - 0x00007ffd1a7c9000 	C:\Windows\System32\shcore.dll
0x00007ffd19000000 - 0x00007ffd1977b000 	C:\Windows\System32\windows.storage.dll
0x00007ffd18be0000 - 0x00007ffd18bff000 	C:\Windows\System32\profapi.dll
0x00007ffd1b120000 - 0x00007ffd1b172000 	C:\Windows\System32\shlwapi.dll
0x00007ffd19d50000 - 0x00007ffd19d67000 	C:\Windows\System32\cryptsp.dll
0x00007ffd04920000 - 0x00007ffd04930000 	C:\Program Files\Android\Android Studio2\jbr\bin\net.dll
0x00007ffd09a10000 - 0x00007ffd09aff000 	C:\Windows\SYSTEM32\WINHTTP.dll
0x00007ffd183c0000 - 0x00007ffd18427000 	C:\Windows\system32\mswsock.dll
0x00007ffcf9a50000 - 0x00007ffcf9a66000 	C:\Program Files\Android\Android Studio2\jbr\bin\nio.dll
0x00007ffd04010000 - 0x00007ffd04020000 	C:\Program Files\Android\Android Studio2\jbr\bin\verify.dll

dbghelp: loaded successfully - version: 4.0.5 - missing functions: none
symbol engine: initialized successfully - sym options: 0x614 - pdb path: .;C:\Program Files\Android\Android Studio2\jbr\bin;C:\Windows\SYSTEM32;C:\Windows\WinSxS\amd64_microsoft.windows.common-controls_6595b64144ccf1df_6.0.18362.30_none_a1435978519dce7f;C:\Program Files\Android\Android Studio2\jbr\bin\server

VM Arguments:
java_command: org.jetbrains.kotlin.cli.jvm.K2JVMCompiler @D:\Android apps\Novix\app\build\20250725_12447241755923853281.compiler.options
java_class_path (initial): C:\Users\alzahraa\.gradle\caches\modules-2\files-2.1\org.jetbrains.kotlin\kotlin-compiler-embeddable\2.1.0\988bf980588bbbcfa1ba19c1ffd7aa869b335a31\kotlin-compiler-embeddable-2.1.0.jar;C:\Users\alzahraa\.gradle\caches\modules-2\files-2.1\org.jetbrains.kotlin\kotlin-stdlib\2.1.0\85f8b81009cda5890e54ba67d64b5e599c645020\kotlin-stdlib-2.1.0.jar;C:\Users\alzahraa\.gradle\caches\modules-2\files-2.1\org.jetbrains.kotlin\kotlin-script-runtime\2.1.0\5909da8c57b75a117714ab0e348c86101b7a3284\kotlin-script-runtime-2.1.0.jar;C:\Users\alzahraa\.gradle\caches\modules-2\files-2.1\org.jetbrains.kotlin\kotlin-reflect\1.6.10\1cbe9c92c12a94eea200d23c2bbaedaf3daf5132\kotlin-reflect-1.6.10.jar;C:\Users\alzahraa\.gradle\caches\modules-2\files-2.1\org.jetbrains.kotlin\kotlin-daemon-embeddable\2.1.0\420bae1908e4a353f5b56c3c850d24d86367b25d\kotlin-daemon-embeddable-2.1.0.jar;C:\Users\alzahraa\.gradle\caches\modules-2\files-2.1\org.jetbrains.intellij.deps\trove4j\1.0.20200330\3afb14d5f9ceb459d724e907a21145e8ff394f02\trove4j-1.0.20200330.jar;C:\Users\alzahraa\.gradle\caches\modules-2\files-2.1\org.jetbrains.kotlinx\kotlinx-coroutines-core-jvm\1.6.4\2c997cd1c0ef33f3e751d3831929aeff1390cb30\kotlinx-coroutines-core-jvm-1.6.4.jar;C:\Users\alzahraa\.gradle\caches\modules-2\files-2.1\org.jetbrains\annotations\13.0\919f0dfe192fb4e063e7dacadee7f8bb9a2672a9\annotations-13.0.jar
Launcher Type: SUN_STANDARD

[Global flags]
     intx CICompilerCount                          = 4                                         {product} {ergonomic}
     uint ConcGCThreads                            = 2                                         {product} {ergonomic}
     uint G1ConcRefinementThreads                  = 8                                         {product} {ergonomic}
   size_t G1HeapRegionSize                         = 1048576                                   {product} {ergonomic}
    uintx GCDrainStackTargetSize                   = 64                                        {product} {ergonomic}
   size_t InitialHeapSize                          = 132120576                                 {product} {ergonomic}
   size_t MarkStackSize                            = 4194304                                   {product} {ergonomic}
   size_t MaxHeapSize                              = 2095054848                                {product} {ergonomic}
   size_t MaxNewSize                               = 1256194048                                {product} {ergonomic}
   size_t MinHeapDeltaBytes                        = 1048576                                   {product} {ergonomic}
   size_t MinHeapSize                              = 8388608                                   {product} {ergonomic}
    uintx NonNMethodCodeHeapSize                   = 5839372                                {pd product} {ergonomic}
    uintx NonProfiledCodeHeapSize                  = 122909434                              {pd product} {ergonomic}
    uintx ProfiledCodeHeapSize                     = 122909434                              {pd product} {ergonomic}
    uintx ReservedCodeCacheSize                    = 251658240                              {pd product} {ergonomic}
     bool SegmentedCodeCache                       = true                                      {product} {ergonomic}
   size_t SoftMaxHeapSize                          = 2095054848                             {manageable} {ergonomic}
     bool UseCompressedOops                        = true                           {product lp64_product} {ergonomic}
     bool UseG1GC                                  = true                                      {product} {ergonomic}
     bool UseLargePagesIndividualAllocation        = false                                  {pd product} {ergonomic}

Logging:
Log output configuration:
 #0: stdout all=warning uptime,level,tags foldmultilines=false
 #1: stderr all=off uptime,level,tags foldmultilines=false

Environment Variables:
PATH=C:\Program Files\Common Files\Oracle\Java\javapath;C:\ProgramData\Oracle\Java\javapath;C:\Windows\system32;C:\Windows;C:\Windows\System32\Wbem;C:\Windows\System32\WindowsPowerShell\v1.0\;C:\Windows\System32\OpenSSH\;C:\php-8.1.13;C:\ProgramData\ComposerSetup\bin;D:\Git\Git\cmd;C:\Program Files\nodejs\;C:\Users\alzahraa\AppData\Local\Microsoft\WindowsApps;C:\Users\alzahraa\AppData\Local\Programs\Microsoft VS Code\bin;C:\Users\alzahraa\AppData\Local\ComposerSetup\bin;C:\Users\alzahraa\AppData\Roaming\Composer\vendor\bin;C:\Users\alzahraa\AppData\Local\GitHubDesktop\bin;C:\Users\alzahraa\AppData\Local\Programs\cursor\resources\app\bin;C:\Users\alzahraa\AppData\Roaming\npm
USERNAME=alzahraa
OS=Windows_NT
PROCESSOR_IDENTIFIER=Intel64 Family 6 Model 126 Stepping 5, GenuineIntel
TMP=C:\Users\alzahraa\AppData\Local\Temp
TEMP=C:\Users\alzahraa\AppData\Local\Temp




Periodic native trim disabled

JNI global refs:
JNI global refs: 14, weak refs: 12

JNI global refs memory usage: 835, weak refs: 833

Process memory usage:
Resident Set Size: 375368K (4% of 8178936K total physical memory with 683196K free physical memory)

OOME stack traces (most recent first):
Classloader memory used:
Loader jdk.internal.loader.ClassLoaders$AppClassLoader                                 : 61808K
Loader bootstrap                                                                       : 11031K
Loader java.net.URLClassLoader                                                         : 285K

---------------  S Y S T E M  ---------------

OS:
 Windows 10 , 64 bit Build 18362 (10.0.18362.1)
OS uptime: 0 days 0:32 hours

CPU: total 8 (initial active 8) (4 cores per cpu, 2 threads per core) family 6 model 126 stepping 5 microcode 0x78, cx8, cmov, fxsr, ht, mmx, 3dnowpref, sse, sse2, sse3, ssse3, sse4.1, sse4.2, popcnt, lzcnt, tsc, tscinvbit, avx, avx2, aes, erms, clmul, bmi1, bmi2, adx, avx512f, avx512dq, avx512cd, avx512bw, avx512vl, sha, fma, vzeroupper, avx512_vpopcntdq, avx512_vpclmulqdq, avx512_vaes, avx512_vnni, clflush, clflushopt, avx512_vbmi2, avx512_vbmi, rdtscp, rdpid, fsrm, gfni, avx512_bitalg, f16c, pku, avx512_ifma
Processor Information for all 8 processors :
  Max Mhz: 1190, Current Mhz: 991, Mhz Limit: 987

Memory: 4k page, system-wide physical 7987M (665M free)
TotalPageFile size 10242M (AvailPageFile size 3M)
current process WorkingSet (physical memory assigned to process): 366M, peak: 377M
current process commit charge ("private bytes"): 401M, peak: 413M

vm_info: OpenJDK 64-Bit Server VM (21.0.3+-12282718-b509.11) for windows-amd64 JRE (21.0.3+-12282718-b509.11), built on 2024-08-27T17:34:15Z by "builder" with MS VC++ 16.10 / 16.11 (VS2019)

END.
